{
  message: 'MongoDB Connected: mongodb',
  level: 'info',
  timestamp: '2023-04-11 12:35:06.428 AM'
}
{
  message: 'Server running in development mode on port 5000',
  level: 'info',
  timestamp: '2023-04-11 12:35:06.434 AM'
}
{
  message: 'MongoDB Connected: mongodb',
  level: 'info',
  timestamp: '2023-04-11 03:55:57.012 AM'
}
{
  message: 'MongoDB Connected: mongodb',
  level: 'info',
  timestamp: '2023-04-11 04:03:07.551 AM'
}
{
  message: 'MongoDB Connected: mongodb',
  level: 'info',
  timestamp: '2023-04-11 04:46:24.206 AM'
}
{
  message: 'MongoDB Connected: mongodb',
  level: 'info',
  timestamp: '2023-04-11 05:03:38.166 AM'
}
{
  message: 'MongoDB Connected: mongodb',
  level: 'info',
  timestamp: '2023-04-11 05:06:55.740 AM'
}
{
  message: 'MongoDB Connected: mongodb',
  level: 'info',
  timestamp: '2023-04-11 06:41:28.779 AM'
}
{
  message: 'MongoDB Connected: mongodb',
  level: 'info',
  timestamp: '2023-04-11 06:58:41.323 AM'
}
{
  message: 'MongoDB Connected: mongodb',
  level: 'info',
  timestamp: '2023-04-11 07:03:14.106 AM'
}
{
  message: 'MongoDB Connected: mongodb',
  level: 'info',
  timestamp: '2023-04-11 07:30:39.098 AM'
}
{
  message: 'Server running in development mode on port 1997',
  level: 'info',
  timestamp: '2023-04-11 07:30:39.106 AM'
}
{
  method: 'GET',
  url: '/api/v1/test',
  status: 200,
  content_length: '35',
  response_time: 1.82,
  level: 'http',
  message: 'incoming-request',
  timestamp: '2023-04-11 07:30:42.999 AM'
}
{
  method: 'POST',
  url: '/api/v1/test',
  status: 404,
  content_length: '1338',
  response_time: 0.461,
  level: 'http',
  message: 'incoming-request',
  timestamp: '2023-04-11 07:37:26.321 AM'
}
{
  method: 'POST',
  url: '/api/v1/auth/register',
  status: 400,
  content_length: '1351',
  response_time: 0.892,
  level: 'http',
  message: 'incoming-request',
  timestamp: '2023-04-11 07:38:59.792 AM'
}
{
  method: 'POST',
  url: '/api/v1/auth/register',
  status: 400,
  content_length: '1339',
  response_time: 0.419,
  level: 'http',
  message: 'incoming-request',
  timestamp: '2023-04-11 07:39:10.465 AM'
}
{
  method: 'POST',
  url: '/api/v1/auth/register',
  status: 200,
  content_length: '150',
  response_time: 133.183,
  level: 'http',
  message: 'incoming-request',
  timestamp: '2023-04-11 07:39:38.557 AM'
}
{
  method: 'GET',
  url: '/api/v1/auth/verify/9db14cd216386536d7bb5070a55dfb3b46d5ef03c6a74d46b4808770fc395863/64350eba38c7dcb50ed4207b',
  status: 302,
  content_length: '68',
  response_time: 18.3,
  level: 'http',
  message: 'incoming-request',
  timestamp: '2023-04-11 07:40:41.343 AM'
}
{
  method: 'POST',
  url: '/api/v1/auth/login',
  status: 404,
  content_length: '1333',
  response_time: 0.27,
  level: 'http',
  message: 'incoming-request',
  timestamp: '2023-04-11 07:48:03.611 AM'
}
{
  method: 'POST',
  url: '/api/v1/auth/login',
  status: 404,
  content_length: '1333',
  response_time: 0.311,
  level: 'http',
  message: 'incoming-request',
  timestamp: '2023-04-11 07:48:13.682 AM'
}
{
  method: 'POST',
  url: '/api/v1/auth/login',
  status: 404,
  content_length: '1333',
  response_time: 0.225,
  level: 'http',
  message: 'incoming-request',
  timestamp: '2023-04-11 07:48:14.529 AM'
}
{
  message: 'MongoDB Connected: mongodb',
  level: 'info',
  timestamp: '2023-04-11 07:48:35.322 AM'
}
{
  message: 'Server running in development mode on port 1997',
  level: 'info',
  timestamp: '2023-04-11 07:48:35.328 AM'
}
{
  message: 'incorrect email or password',
  level: 'error',
  timestamp: '2023-04-11 07:48:37.598 AM'
}
{
  method: 'POST',
  url: '/api/v1/auth/login',
  status: 401,
  content_length: '188',
  response_time: 98.901,
  level: 'http',
  message: 'incoming-request',
  timestamp: '2023-04-11 07:48:37.602 AM'
}
{
  message: 'incorrect email or password',
  level: 'error',
  timestamp: '2023-04-11 07:48:39.097 AM'
}
{
  method: 'POST',
  url: '/api/v1/auth/login',
  status: 401,
  content_length: '188',
  response_time: 73.814,
  level: 'http',
  message: 'incoming-request',
  timestamp: '2023-04-11 07:48:39.098 AM'
}
{
  method: 'POST',
  url: '/api/v1/auth/login',
  status: 200,
  content_length: '307',
  response_time: 160.084,
  level: 'http',
  message: 'incoming-request',
  timestamp: '2023-04-11 07:48:45.491 AM'
}
{
  method: 'GET',
  url: '/api/v1/auth/new_access_token',
  status: 404,
  content_length: '1355',
  response_time: 0.516,
  level: 'http',
  message: 'incoming-request',
  timestamp: '2023-04-11 07:54:49.265 AM'
}
{
  message: 'MongoDB Connected: mongodb',
  level: 'info',
  timestamp: '2023-04-11 07:58:27.048 AM'
}
{
  message: 'Server running in development mode on port 1997',
  level: 'info',
  timestamp: '2023-04-11 07:58:27.053 AM'
}
{
  method: 'GET',
  url: '/api/v1/auth/new_access_token',
  status: 200,
  content_length: '307',
  response_time: 24.969,
  level: 'http',
  message: 'incoming-request',
  timestamp: '2023-04-11 07:58:55.866 AM'
}
{
  method: 'GET',
  url: '/api/v1/auth/new_access_token',
  status: 200,
  content_length: '307',
  response_time: 6.978,
  level: 'http',
  message: 'incoming-request',
  timestamp: '2023-04-11 07:58:57.966 AM'
}
{
  method: 'POST',
  url: '/api/v1/auth/resend_email_token',
  status: 404,
  content_length: '1359',
  response_time: 0.424,
  level: 'http',
  message: 'incoming-request',
  timestamp: '2023-04-11 08:08:05.435 AM'
}
{
  method: 'POST',
  url: '/api/v1/auth/resend_email_token',
  status: 404,
  content_length: '1359',
  response_time: 0.314,
  level: 'http',
  message: 'incoming-request',
  timestamp: '2023-04-11 08:08:07.050 AM'
}
{
  message: 'MongoDB Connected: mongodb',
  level: 'info',
  timestamp: '2023-04-11 08:11:40.324 AM'
}
{
  message: 'Server running in development mode on port 1997',
  level: 'info',
  timestamp: '2023-04-11 08:11:40.329 AM'
}
{
  method: 'POST',
  url: '/api/v1/auth/resend_email_token',
  status: 400,
  content_length: '325',
  response_time: 10.355,
  level: 'http',
  message: 'incoming-request',
  timestamp: '2023-04-11 08:11:47.433 AM'
}
{
  method: 'POST',
  url: '/api/v1/auth/resend_email_token',
  status: 400,
  content_length: '325',
  response_time: 2.66,
  level: 'http',
  message: 'incoming-request',
  timestamp: '2023-04-11 08:11:48.405 AM'
}
{
  method: 'POST',
  url: '/api/v1/auth/register',
  status: 200,
  content_length: '1390',
  response_time: 100.309,
  level: 'http',
  message: 'incoming-request',
  timestamp: '2023-04-11 08:12:44.476 AM'
}
{
  method: 'POST',
  url: '/api/v1/auth/register',
  status: 200,
  content_length: '1390',
  response_time: 77.897,
  level: 'http',
  message: 'incoming-request',
  timestamp: '2023-04-11 08:12:54.999 AM'
}
{
  method: 'POST',
  url: '/api/v1/auth/register',
  status: 200,
  content_length: '149',
  response_time: 102.609,
  level: 'http',
  message: 'incoming-request',
  timestamp: '2023-04-11 08:13:24.370 AM'
}
{
  method: 'POST',
  url: '/api/v1/auth/resend_email_token',
  status: 200,
  content_length: '106',
  response_time: 14.005,
  level: 'http',
  message: 'incoming-request',
  timestamp: '2023-04-11 08:14:43.997 AM'
}
{
  method: 'POST',
  url: '/api/v1/auth/resend_email_token',
  status: 200,
  content_length: '106',
  response_time: 12.595,
  level: 'http',
  message: 'incoming-request',
  timestamp: '2023-04-11 08:14:52.164 AM'
}
{
  method: 'GET',
  url: '/api/v1/auth/verify/24d1d3619686d77cab0d1e2db19b4f1b2ec28a901f961e63dc4e27b619c51f88/643516a41bba9d27de884818',
  status: 302,
  content_length: '68',
  response_time: 14.156,
  level: 'http',
  message: 'incoming-request',
  timestamp: '2023-04-11 08:14:58.012 AM'
}
{
  method: 'POST',
  url: '/api/v1/auth/reset_password_request',
  status: 404,
  content_length: '1367',
  response_time: 0.293,
  level: 'http',
  message: 'incoming-request',
  timestamp: '2023-04-11 08:21:38.199 AM'
}
{
  method: 'POST',
  url: '/api/v1/auth/reset_password_request',
  status: 404,
  content_length: '1367',
  response_time: 0.272,
  level: 'http',
  message: 'incoming-request',
  timestamp: '2023-04-11 08:21:39.776 AM'
}
