{
  message: 'Server running in undefined mode on port 5000',
  level: 'info',
  timestamp: '2023-04-10 05:19:46.392 PM'
}
{
  method: 'GET',
  url: '/api/v1/test',
  status: 304,
  response_time: 1.802,
  level: 'http',
  message: 'incoming-request',
  timestamp: '2023-04-10 05:19:48.035 PM'
}
{
  message: 'Server running in undefined mode on port 5000',
  level: 'info',
  timestamp: '2023-04-10 05:23:55.170 PM'
}
{
  message: 'Server running in undefined mode on port 5000',
  level: 'info',
  timestamp: '2023-04-10 05:24:42.898 PM'
}
{
  message: 'Server running in undefined mode on port 5000',
  level: 'info',
  timestamp: '2023-04-10 05:24:51.375 PM'
}
{
  message: 'Server running in undefined mode on port 5000',
  level: 'info',
  timestamp: '2023-04-10 05:24:54.659 PM'
}
{
  message: 'Server running in undefined mode on port 5000',
  level: 'info',
  timestamp: '2023-04-10 05:30:56.386 PM'
}
{
  message: 'Server running in  mode on port 5000',
  level: 'info',
  timestamp: '2023-04-10 09:56:26.149 PM'
}
{
  message: 'Server running in undefined mode on port 5000',
  level: 'info',
  timestamp: '2023-04-10 05:56:26.650 PM'
}
{
  message: 'Server running in  mode on port 5000',
  level: 'info',
  timestamp: '2023-04-10 09:57:11.501 PM'
}
{
  message: 'Server running in undefined mode on port 5000',
  level: 'info',
  timestamp: '2023-04-10 05:57:11.927 PM'
}
{
  message: 'Server running in  mode on port 5000',
  level: 'info',
  timestamp: '2023-04-10 10:02:56.451 PM'
}
