{
  error: Error: listen EADDRINUSE: address already in use :::5000
      at Server.setupListenHandle [as _listen2] (node:net:1740:16)
      at listenInCluster (node:net:1788:12)
      at Server.listen (node:net:1876:7)
      at Function.listen (C:\Users\EdisonWhale\Desktop\projects\full-stack\MERN-Invoice-project\node_modules\express\lib\application.js:635:24)
      at file:///C:/Users/EdisonWhale/Desktop/projects/full-stack/MERN-Invoice-project/backend/server.js:29:5
      at ModuleJob.run (node:internal/modules/esm/module_job:194:25) {
    code: 'EADDRINUSE',
    errno: -4091,
    syscall: 'listen',
    address: '::',
    port: 5000
  },
  level: 'error',
  message: 'uncaughtException: listen EADDRINUSE: address already in use :::5000\n' +
    'Error: listen EADDRINUSE: address already in use :::5000\n' +
    '    at Server.setupListenHandle [as _listen2] (node:net:1740:16)\n' +
    '    at listenInCluster (node:net:1788:12)\n' +
    '    at Server.listen (node:net:1876:7)\n' +
    '    at Function.listen (C:\\Users\\EdisonWhale\\Desktop\\projects\\full-stack\\MERN-Invoice-project\\node_modules\\express\\lib\\application.js:635:24)\n' +
    '    at file:///C:/Users/EdisonWhale/Desktop/projects/full-stack/MERN-Invoice-project/backend/server.js:29:5\n' +
    '    at ModuleJob.run (node:internal/modules/esm/module_job:194:25)',
  stack: 'Error: listen EADDRINUSE: address already in use :::5000\n' +
    '    at Server.setupListenHandle [as _listen2] (node:net:1740:16)\n' +
    '    at listenInCluster (node:net:1788:12)\n' +
    '    at Server.listen (node:net:1876:7)\n' +
    '    at Function.listen (C:\\Users\\EdisonWhale\\Desktop\\projects\\full-stack\\MERN-Invoice-project\\node_modules\\express\\lib\\application.js:635:24)\n' +
    '    at file:///C:/Users/EdisonWhale/Desktop/projects/full-stack/MERN-Invoice-project/backend/server.js:29:5\n' +
    '    at ModuleJob.run (node:internal/modules/esm/module_job:194:25)',
  exception: true,
  date: 'Mon Apr 10 2023 17:13:30 GMT-0400 (北美东部夏令时间)',
  process: {
    pid: 23840,
    uid: null,
    gid: null,
    cwd: 'C:\\Users\\EdisonWhale\\Desktop\\projects\\full-stack\\MERN-Invoice-project',
    execPath: 'C:\\Program Files\\nodejs\\node.exe',
    version: 'v18.14.0',
    argv: [
      'C:\\Program Files\\nodejs\\node.exe',
      'C:\\Users\\EdisonWhale\\Desktop\\projects\\full-stack\\MERN-Invoice-project\\backend\\server.js'
    ],
    memoryUsage: {
      rss: 52850688,
      heapTotal: 19984384,
      heapUsed: 14480584,
      external: 1304919,
      arrayBuffers: 373350
    }
  },
  os: { loadavg: [ 0, 0, 0 ], uptime: 3898.843 },
  trace: [
    {
      column: 16,
      file: 'node:net',
      function: 'Server.setupListenHandle [as _listen2]',
      line: 1740,
      method: 'setupListenHandle [as _listen2]',
      native: false
    },
    {
      column: 12,
      file: 'node:net',
      function: 'listenInCluster',
      line: 1788,
      method: null,
      native: false
    },
    {
      column: 7,
      file: 'node:net',
      function: 'Server.listen',
      line: 1876,
      method: 'listen',
      native: false
    },
    {
      column: 24,
      file: 'C:\\Users\\EdisonWhale\\Desktop\\projects\\full-stack\\MERN-Invoice-project\\node_modules\\express\\lib\\application.js',
      function: 'Function.listen',
      line: 635,
      method: 'listen',
      native: false
    },
    {
      column: 5,
      file: 'file:///C:/Users/EdisonWhale/Desktop/projects/full-stack/MERN-Invoice-project/backend/server.js',
      function: null,
      line: 29,
      method: null,
      native: false
    },
    {
      column: 25,
      file: 'node:internal/modules/esm/module_job',
      function: 'ModuleJob.run',
      line: 194,
      method: 'run',
      native: false
    }
  ],
  timestamp: '2023-04-10 05:13:30.055 PM'
}
{
  error: Error: listen EADDRINUSE: address already in use :::5000
      at Server.setupListenHandle [as _listen2] (node:net:1740:16)
      at listenInCluster (node:net:1788:12)
      at Server.listen (node:net:1876:7)
      at Function.listen (C:\Users\EdisonWhale\Desktop\projects\full-stack\MERN-Invoice-project\node_modules\express\lib\application.js:635:24)
      at file:///C:/Users/EdisonWhale/Desktop/projects/full-stack/MERN-Invoice-project/backend/server.js:29:5
      at ModuleJob.run (node:internal/modules/esm/module_job:194:25) {
    code: 'EADDRINUSE',
    errno: -4091,
    syscall: 'listen',
    address: '::',
    port: 5000
  },
  level: 'error',
  message: 'uncaughtException: listen EADDRINUSE: address already in use :::5000\n' +
    'Error: listen EADDRINUSE: address already in use :::5000\n' +
    '    at Server.setupListenHandle [as _listen2] (node:net:1740:16)\n' +
    '    at listenInCluster (node:net:1788:12)\n' +
    '    at Server.listen (node:net:1876:7)\n' +
    '    at Function.listen (C:\\Users\\EdisonWhale\\Desktop\\projects\\full-stack\\MERN-Invoice-project\\node_modules\\express\\lib\\application.js:635:24)\n' +
    '    at file:///C:/Users/EdisonWhale/Desktop/projects/full-stack/MERN-Invoice-project/backend/server.js:29:5\n' +
    '    at ModuleJob.run (node:internal/modules/esm/module_job:194:25)',
  stack: 'Error: listen EADDRINUSE: address already in use :::5000\n' +
    '    at Server.setupListenHandle [as _listen2] (node:net:1740:16)\n' +
    '    at listenInCluster (node:net:1788:12)\n' +
    '    at Server.listen (node:net:1876:7)\n' +
    '    at Function.listen (C:\\Users\\EdisonWhale\\Desktop\\projects\\full-stack\\MERN-Invoice-project\\node_modules\\express\\lib\\application.js:635:24)\n' +
    '    at file:///C:/Users/EdisonWhale/Desktop/projects/full-stack/MERN-Invoice-project/backend/server.js:29:5\n' +
    '    at ModuleJob.run (node:internal/modules/esm/module_job:194:25)',
  exception: true,
  date: 'Mon Apr 10 2023 17:13:35 GMT-0400 (北美东部夏令时间)',
  process: {
    pid: 25264,
    uid: null,
    gid: null,
    cwd: 'C:\\Users\\EdisonWhale\\Desktop\\projects\\full-stack\\MERN-Invoice-project',
    execPath: 'C:\\Program Files\\nodejs\\node.exe',
    version: 'v18.14.0',
    argv: [
      'C:\\Program Files\\nodejs\\node.exe',
      'C:\\Users\\EdisonWhale\\Desktop\\projects\\full-stack\\MERN-Invoice-project\\backend\\server.js'
    ],
    memoryUsage: {
      rss: 52695040,
      heapTotal: 20246528,
      heapUsed: 14585800,
      external: 1304919,
      arrayBuffers: 373350
    }
  },
  os: { loadavg: [ 0, 0, 0 ], uptime: 3903.828 },
  trace: [
    {
      column: 16,
      file: 'node:net',
      function: 'Server.setupListenHandle [as _listen2]',
      line: 1740,
      method: 'setupListenHandle [as _listen2]',
      native: false
    },
    {
      column: 12,
      file: 'node:net',
      function: 'listenInCluster',
      line: 1788,
      method: null,
      native: false
    },
    {
      column: 7,
      file: 'node:net',
      function: 'Server.listen',
      line: 1876,
      method: 'listen',
      native: false
    },
    {
      column: 24,
      file: 'C:\\Users\\EdisonWhale\\Desktop\\projects\\full-stack\\MERN-Invoice-project\\node_modules\\express\\lib\\application.js',
      function: 'Function.listen',
      line: 635,
      method: 'listen',
      native: false
    },
    {
      column: 5,
      file: 'file:///C:/Users/EdisonWhale/Desktop/projects/full-stack/MERN-Invoice-project/backend/server.js',
      function: null,
      line: 29,
      method: null,
      native: false
    },
    {
      column: 25,
      file: 'node:internal/modules/esm/module_job',
      function: 'ModuleJob.run',
      line: 194,
      method: 'run',
      native: false
    }
  ],
  timestamp: '2023-04-10 05:13:35.033 PM'
}
{
  error: Error: listen EADDRINUSE: address already in use :::5000
      at Server.setupListenHandle [as _listen2] (node:net:1740:16)
      at listenInCluster (node:net:1788:12)
      at Server.listen (node:net:1876:7)
      at Function.listen (C:\Users\EdisonWhale\Desktop\projects\full-stack\MERN-Invoice-project\node_modules\express\lib\application.js:635:24)
      at file:///C:/Users/EdisonWhale/Desktop/projects/full-stack/MERN-Invoice-project/backend/server.js:29:5
      at ModuleJob.run (node:internal/modules/esm/module_job:194:25) {
    code: 'EADDRINUSE',
    errno: -4091,
    syscall: 'listen',
    address: '::',
    port: 5000
  },
  level: 'error',
  message: 'uncaughtException: listen EADDRINUSE: address already in use :::5000\n' +
    'Error: listen EADDRINUSE: address already in use :::5000\n' +
    '    at Server.setupListenHandle [as _listen2] (node:net:1740:16)\n' +
    '    at listenInCluster (node:net:1788:12)\n' +
    '    at Server.listen (node:net:1876:7)\n' +
    '    at Function.listen (C:\\Users\\EdisonWhale\\Desktop\\projects\\full-stack\\MERN-Invoice-project\\node_modules\\express\\lib\\application.js:635:24)\n' +
    '    at file:///C:/Users/EdisonWhale/Desktop/projects/full-stack/MERN-Invoice-project/backend/server.js:29:5\n' +
    '    at ModuleJob.run (node:internal/modules/esm/module_job:194:25)',
  stack: 'Error: listen EADDRINUSE: address already in use :::5000\n' +
    '    at Server.setupListenHandle [as _listen2] (node:net:1740:16)\n' +
    '    at listenInCluster (node:net:1788:12)\n' +
    '    at Server.listen (node:net:1876:7)\n' +
    '    at Function.listen (C:\\Users\\EdisonWhale\\Desktop\\projects\\full-stack\\MERN-Invoice-project\\node_modules\\express\\lib\\application.js:635:24)\n' +
    '    at file:///C:/Users/EdisonWhale/Desktop/projects/full-stack/MERN-Invoice-project/backend/server.js:29:5\n' +
    '    at ModuleJob.run (node:internal/modules/esm/module_job:194:25)',
  exception: true,
  date: 'Mon Apr 10 2023 17:15:22 GMT-0400 (北美东部夏令时间)',
  process: {
    pid: 9808,
    uid: null,
    gid: null,
    cwd: 'C:\\Users\\EdisonWhale\\Desktop\\projects\\full-stack\\MERN-Invoice-project',
    execPath: 'C:\\Program Files\\nodejs\\node.exe',
    version: 'v18.14.0',
    argv: [
      'C:\\Program Files\\nodejs\\node.exe',
      'C:\\Users\\EdisonWhale\\Desktop\\projects\\full-stack\\MERN-Invoice-project\\backend\\server.js'
    ],
    memoryUsage: {
      rss: 52637696,
      heapTotal: 20508672,
      heapUsed: 14587592,
      external: 1304919,
      arrayBuffers: 373350
    }
  },
  os: { loadavg: [ 0, 0, 0 ], uptime: 4011.687 },
  trace: [
    {
      column: 16,
      file: 'node:net',
      function: 'Server.setupListenHandle [as _listen2]',
      line: 1740,
      method: 'setupListenHandle [as _listen2]',
      native: false
    },
    {
      column: 12,
      file: 'node:net',
      function: 'listenInCluster',
      line: 1788,
      method: null,
      native: false
    },
    {
      column: 7,
      file: 'node:net',
      function: 'Server.listen',
      line: 1876,
      method: 'listen',
      native: false
    },
    {
      column: 24,
      file: 'C:\\Users\\EdisonWhale\\Desktop\\projects\\full-stack\\MERN-Invoice-project\\node_modules\\express\\lib\\application.js',
      function: 'Function.listen',
      line: 635,
      method: 'listen',
      native: false
    },
    {
      column: 5,
      file: 'file:///C:/Users/EdisonWhale/Desktop/projects/full-stack/MERN-Invoice-project/backend/server.js',
      function: null,
      line: 29,
      method: null,
      native: false
    },
    {
      column: 25,
      file: 'node:internal/modules/esm/module_job',
      function: 'ModuleJob.run',
      line: 194,
      method: 'run',
      native: false
    }
  ],
  timestamp: '2023-04-10 05:15:22.897 PM'
}
{
  error: Error: listen EADDRINUSE: address already in use :::5000
      at Server.setupListenHandle [as _listen2] (node:net:1740:16)
      at listenInCluster (node:net:1788:12)
      at Server.listen (node:net:1876:7)
      at Function.listen (C:\Users\EdisonWhale\Desktop\projects\full-stack\MERN-Invoice-project\node_modules\express\lib\application.js:635:24)
      at file:///C:/Users/EdisonWhale/Desktop/projects/full-stack/MERN-Invoice-project/backend/server.js:29:5
      at ModuleJob.run (node:internal/modules/esm/module_job:194:25) {
    code: 'EADDRINUSE',
    errno: -4091,
    syscall: 'listen',
    address: '::',
    port: 5000
  },
  level: 'error',
  message: 'uncaughtException: listen EADDRINUSE: address already in use :::5000\n' +
    'Error: listen EADDRINUSE: address already in use :::5000\n' +
    '    at Server.setupListenHandle [as _listen2] (node:net:1740:16)\n' +
    '    at listenInCluster (node:net:1788:12)\n' +
    '    at Server.listen (node:net:1876:7)\n' +
    '    at Function.listen (C:\\Users\\EdisonWhale\\Desktop\\projects\\full-stack\\MERN-Invoice-project\\node_modules\\express\\lib\\application.js:635:24)\n' +
    '    at file:///C:/Users/EdisonWhale/Desktop/projects/full-stack/MERN-Invoice-project/backend/server.js:29:5\n' +
    '    at ModuleJob.run (node:internal/modules/esm/module_job:194:25)',
  stack: 'Error: listen EADDRINUSE: address already in use :::5000\n' +
    '    at Server.setupListenHandle [as _listen2] (node:net:1740:16)\n' +
    '    at listenInCluster (node:net:1788:12)\n' +
    '    at Server.listen (node:net:1876:7)\n' +
    '    at Function.listen (C:\\Users\\EdisonWhale\\Desktop\\projects\\full-stack\\MERN-Invoice-project\\node_modules\\express\\lib\\application.js:635:24)\n' +
    '    at file:///C:/Users/EdisonWhale/Desktop/projects/full-stack/MERN-Invoice-project/backend/server.js:29:5\n' +
    '    at ModuleJob.run (node:internal/modules/esm/module_job:194:25)',
  exception: true,
  date: 'Mon Apr 10 2023 17:16:15 GMT-0400 (北美东部夏令时间)',
  process: {
    pid: 3532,
    uid: null,
    gid: null,
    cwd: 'C:\\Users\\EdisonWhale\\Desktop\\projects\\full-stack\\MERN-Invoice-project',
    execPath: 'C:\\Program Files\\nodejs\\node.exe',
    version: 'v18.14.0',
    argv: [
      'C:\\Program Files\\nodejs\\node.exe',
      'C:\\Users\\EdisonWhale\\Desktop\\projects\\full-stack\\MERN-Invoice-project\\backend\\server.js'
    ],
    memoryUsage: {
      rss: 52805632,
      heapTotal: 19984384,
      heapUsed: 14531152,
      external: 1304919,
      arrayBuffers: 373350
    }
  },
  os: { loadavg: [ 0, 0, 0 ], uptime: 4064.171 },
  trace: [
    {
      column: 16,
      file: 'node:net',
      function: 'Server.setupListenHandle [as _listen2]',
      line: 1740,
      method: 'setupListenHandle [as _listen2]',
      native: false
    },
    {
      column: 12,
      file: 'node:net',
      function: 'listenInCluster',
      line: 1788,
      method: null,
      native: false
    },
    {
      column: 7,
      file: 'node:net',
      function: 'Server.listen',
      line: 1876,
      method: 'listen',
      native: false
    },
    {
      column: 24,
      file: 'C:\\Users\\EdisonWhale\\Desktop\\projects\\full-stack\\MERN-Invoice-project\\node_modules\\express\\lib\\application.js',
      function: 'Function.listen',
      line: 635,
      method: 'listen',
      native: false
    },
    {
      column: 5,
      file: 'file:///C:/Users/EdisonWhale/Desktop/projects/full-stack/MERN-Invoice-project/backend/server.js',
      function: null,
      line: 29,
      method: null,
      native: false
    },
    {
      column: 25,
      file: 'node:internal/modules/esm/module_job',
      function: 'ModuleJob.run',
      line: 194,
      method: 'run',
      native: false
    }
  ],
  timestamp: '2023-04-10 05:16:15.388 PM'
}
{
  error: Error: listen EADDRINUSE: address already in use :::5000
      at Server.setupListenHandle [as _listen2] (node:net:1740:16)
      at listenInCluster (node:net:1788:12)
      at Server.listen (node:net:1876:7)
      at Function.listen (C:\Users\EdisonWhale\Desktop\projects\full-stack\MERN-Invoice-project\node_modules\express\lib\application.js:635:24)
      at file:///C:/Users/EdisonWhale/Desktop/projects/full-stack/MERN-Invoice-project/backend/server.js:29:5
      at ModuleJob.run (node:internal/modules/esm/module_job:194:25) {
    code: 'EADDRINUSE',
    errno: -4091,
    syscall: 'listen',
    address: '::',
    port: 5000
  },
  level: 'error',
  message: 'uncaughtException: listen EADDRINUSE: address already in use :::5000\n' +
    'Error: listen EADDRINUSE: address already in use :::5000\n' +
    '    at Server.setupListenHandle [as _listen2] (node:net:1740:16)\n' +
    '    at listenInCluster (node:net:1788:12)\n' +
    '    at Server.listen (node:net:1876:7)\n' +
    '    at Function.listen (C:\\Users\\EdisonWhale\\Desktop\\projects\\full-stack\\MERN-Invoice-project\\node_modules\\express\\lib\\application.js:635:24)\n' +
    '    at file:///C:/Users/EdisonWhale/Desktop/projects/full-stack/MERN-Invoice-project/backend/server.js:29:5\n' +
    '    at ModuleJob.run (node:internal/modules/esm/module_job:194:25)',
  stack: 'Error: listen EADDRINUSE: address already in use :::5000\n' +
    '    at Server.setupListenHandle [as _listen2] (node:net:1740:16)\n' +
    '    at listenInCluster (node:net:1788:12)\n' +
    '    at Server.listen (node:net:1876:7)\n' +
    '    at Function.listen (C:\\Users\\EdisonWhale\\Desktop\\projects\\full-stack\\MERN-Invoice-project\\node_modules\\express\\lib\\application.js:635:24)\n' +
    '    at file:///C:/Users/EdisonWhale/Desktop/projects/full-stack/MERN-Invoice-project/backend/server.js:29:5\n' +
    '    at ModuleJob.run (node:internal/modules/esm/module_job:194:25)',
  exception: true,
  date: 'Mon Apr 10 2023 17:17:16 GMT-0400 (北美东部夏令时间)',
  process: {
    pid: 13904,
    uid: null,
    gid: null,
    cwd: 'C:\\Users\\EdisonWhale\\Desktop\\projects\\full-stack\\MERN-Invoice-project',
    execPath: 'C:\\Program Files\\nodejs\\node.exe',
    version: 'v18.14.0',
    argv: [
      'C:\\Program Files\\nodejs\\node.exe',
      'C:\\Users\\EdisonWhale\\Desktop\\projects\\full-stack\\MERN-Invoice-project\\backend\\server.js'
    ],
    memoryUsage: {
      rss: 52908032,
      heapTotal: 19984384,
      heapUsed: 14479736,
      external: 1304919,
      arrayBuffers: 373350
    }
  },
  os: { loadavg: [ 0, 0, 0 ], uptime: 4125.046 },
  trace: [
    {
      column: 16,
      file: 'node:net',
      function: 'Server.setupListenHandle [as _listen2]',
      line: 1740,
      method: 'setupListenHandle [as _listen2]',
      native: false
    },
    {
      column: 12,
      file: 'node:net',
      function: 'listenInCluster',
      line: 1788,
      method: null,
      native: false
    },
    {
      column: 7,
      file: 'node:net',
      function: 'Server.listen',
      line: 1876,
      method: 'listen',
      native: false
    },
    {
      column: 24,
      file: 'C:\\Users\\EdisonWhale\\Desktop\\projects\\full-stack\\MERN-Invoice-project\\node_modules\\express\\lib\\application.js',
      function: 'Function.listen',
      line: 635,
      method: 'listen',
      native: false
    },
    {
      column: 5,
      file: 'file:///C:/Users/EdisonWhale/Desktop/projects/full-stack/MERN-Invoice-project/backend/server.js',
      function: null,
      line: 29,
      method: null,
      native: false
    },
    {
      column: 25,
      file: 'node:internal/modules/esm/module_job',
      function: 'ModuleJob.run',
      line: 194,
      method: 'run',
      native: false
    }
  ],
  timestamp: '2023-04-10 05:17:16.255 PM'
}
