{
  error: Error: listen EADDRINUSE: address already in use :::5000
      at Server.setupListenHandle [as _listen2] (node:net:1740:16)
      at listenInCluster (node:net:1788:12)
      at Server.listen (node:net:1876:7)
      at Function.listen (C:\Users\EdisonWhale\Desktop\projects\full-stack\MERN-Invoice-project\node_modules\express\lib\application.js:635:24)
      at file:///C:/Users/EdisonWhale/Desktop/projects/full-stack/MERN-Invoice-project/backend/server.js:29:5
      at ModuleJob.run (node:internal/modules/esm/module_job:194:25) {
    code: 'EADDRINUSE',
    errno: -4091,
    syscall: 'listen',
    address: '::',
    port: 5000
  },
  level: 'error',
  message: 'uncaughtException: listen EADDRINUSE: address already in use :::5000\n' +
    'Error: listen EADDRINUSE: address already in use :::5000\n' +
    '    at Server.setupListenHandle [as _listen2] (node:net:1740:16)\n' +
    '    at listenInCluster (node:net:1788:12)\n' +
    '    at Server.listen (node:net:1876:7)\n' +
    '    at Function.listen (C:\\Users\\EdisonWhale\\Desktop\\projects\\full-stack\\MERN-Invoice-project\\node_modules\\express\\lib\\application.js:635:24)\n' +
    '    at file:///C:/Users/EdisonWhale/Desktop/projects/full-stack/MERN-Invoice-project/backend/server.js:29:5\n' +
    '    at ModuleJob.run (node:internal/modules/esm/module_job:194:25)',
  stack: 'Error: listen EADDRINUSE: address already in use :::5000\n' +
    '    at Server.setupListenHandle [as _listen2] (node:net:1740:16)\n' +
    '    at listenInCluster (node:net:1788:12)\n' +
    '    at Server.listen (node:net:1876:7)\n' +
    '    at Function.listen (C:\\Users\\EdisonWhale\\Desktop\\projects\\full-stack\\MERN-Invoice-project\\node_modules\\express\\lib\\application.js:635:24)\n' +
    '    at file:///C:/Users/EdisonWhale/Desktop/projects/full-stack/MERN-Invoice-project/backend/server.js:29:5\n' +
    '    at ModuleJob.run (node:internal/modules/esm/module_job:194:25)',
  exception: true,
  date: 'Mon Apr 10 2023 17:13:35 GMT-0400 (北美东部夏令时间)',
  process: {
    pid: 25264,
    uid: null,
    gid: null,
    cwd: 'C:\\Users\\EdisonWhale\\Desktop\\projects\\full-stack\\MERN-Invoice-project',
    execPath: 'C:\\Program Files\\nodejs\\node.exe',
    version: 'v18.14.0',
    argv: [
      'C:\\Program Files\\nodejs\\node.exe',
      'C:\\Users\\EdisonWhale\\Desktop\\projects\\full-stack\\MERN-Invoice-project\\backend\\server.js'
    ],
    memoryUsage: {
      rss: 52695040,
      heapTotal: 20246528,
      heapUsed: 14585800,
      external: 1304919,
      arrayBuffers: 373350
    }
  },
  os: { loadavg: [ 0, 0, 0 ], uptime: 3903.828 },
  trace: [
    {
      column: 16,
      file: 'node:net',
      function: 'Server.setupListenHandle [as _listen2]',
      line: 1740,
      method: 'setupListenHandle [as _listen2]',
      native: false
    },
    {
      column: 12,
      file: 'node:net',
      function: 'listenInCluster',
      line: 1788,
      method: null,
      native: false
    },
    {
      column: 7,
      file: 'node:net',
      function: 'Server.listen',
      line: 1876,
      method: 'listen',
      native: false
    },
    {
      column: 24,
      file: 'C:\\Users\\EdisonWhale\\Desktop\\projects\\full-stack\\MERN-Invoice-project\\node_modules\\express\\lib\\application.js',
      function: 'Function.listen',
      line: 635,
      method: 'listen',
      native: false
    },
    {
      column: 5,
      file: 'file:///C:/Users/EdisonWhale/Desktop/projects/full-stack/MERN-Invoice-project/backend/server.js',
      function: null,
      line: 29,
      method: null,
      native: false
    },
    {
      column: 25,
      file: 'node:internal/modules/esm/module_job',
      function: 'ModuleJob.run',
      line: 194,
      method: 'run',
      native: false
    }
  ],
  timestamp: '2023-04-10 05:13:35.033 PM'
}
{
  error: Error: listen EADDRINUSE: address already in use :::5000
      at Server.setupListenHandle [as _listen2] (node:net:1740:16)
      at listenInCluster (node:net:1788:12)
      at Server.listen (node:net:1876:7)
      at Function.listen (C:\Users\EdisonWhale\Desktop\projects\full-stack\MERN-Invoice-project\node_modules\express\lib\application.js:635:24)
      at file:///C:/Users/EdisonWhale/Desktop/projects/full-stack/MERN-Invoice-project/backend/server.js:29:5
      at ModuleJob.run (node:internal/modules/esm/module_job:194:25) {
    code: 'EADDRINUSE',
    errno: -4091,
    syscall: 'listen',
    address: '::',
    port: 5000
  },
  level: 'error',
  message: 'uncaughtException: listen EADDRINUSE: address already in use :::5000\n' +
    'Error: listen EADDRINUSE: address already in use :::5000\n' +
    '    at Server.setupListenHandle [as _listen2] (node:net:1740:16)\n' +
    '    at listenInCluster (node:net:1788:12)\n' +
    '    at Server.listen (node:net:1876:7)\n' +
    '    at Function.listen (C:\\Users\\EdisonWhale\\Desktop\\projects\\full-stack\\MERN-Invoice-project\\node_modules\\express\\lib\\application.js:635:24)\n' +
    '    at file:///C:/Users/EdisonWhale/Desktop/projects/full-stack/MERN-Invoice-project/backend/server.js:29:5\n' +
    '    at ModuleJob.run (node:internal/modules/esm/module_job:194:25)',
  stack: 'Error: listen EADDRINUSE: address already in use :::5000\n' +
    '    at Server.setupListenHandle [as _listen2] (node:net:1740:16)\n' +
    '    at listenInCluster (node:net:1788:12)\n' +
    '    at Server.listen (node:net:1876:7)\n' +
    '    at Function.listen (C:\\Users\\EdisonWhale\\Desktop\\projects\\full-stack\\MERN-Invoice-project\\node_modules\\express\\lib\\application.js:635:24)\n' +
    '    at file:///C:/Users/EdisonWhale/Desktop/projects/full-stack/MERN-Invoice-project/backend/server.js:29:5\n' +
    '    at ModuleJob.run (node:internal/modules/esm/module_job:194:25)',
  exception: true,
  date: 'Mon Apr 10 2023 17:15:22 GMT-0400 (北美东部夏令时间)',
  process: {
    pid: 9808,
    uid: null,
    gid: null,
    cwd: 'C:\\Users\\EdisonWhale\\Desktop\\projects\\full-stack\\MERN-Invoice-project',
    execPath: 'C:\\Program Files\\nodejs\\node.exe',
    version: 'v18.14.0',
    argv: [
      'C:\\Program Files\\nodejs\\node.exe',
      'C:\\Users\\EdisonWhale\\Desktop\\projects\\full-stack\\MERN-Invoice-project\\backend\\server.js'
    ],
    memoryUsage: {
      rss: 52637696,
      heapTotal: 20508672,
      heapUsed: 14587592,
      external: 1304919,
      arrayBuffers: 373350
    }
  },
  os: { loadavg: [ 0, 0, 0 ], uptime: 4011.687 },
  trace: [
    {
      column: 16,
      file: 'node:net',
      function: 'Server.setupListenHandle [as _listen2]',
      line: 1740,
      method: 'setupListenHandle [as _listen2]',
      native: false
    },
    {
      column: 12,
      file: 'node:net',
      function: 'listenInCluster',
      line: 1788,
      method: null,
      native: false
    },
    {
      column: 7,
      file: 'node:net',
      function: 'Server.listen',
      line: 1876,
      method: 'listen',
      native: false
    },
    {
      column: 24,
      file: 'C:\\Users\\EdisonWhale\\Desktop\\projects\\full-stack\\MERN-Invoice-project\\node_modules\\express\\lib\\application.js',
      function: 'Function.listen',
      line: 635,
      method: 'listen',
      native: false
    },
    {
      column: 5,
      file: 'file:///C:/Users/EdisonWhale/Desktop/projects/full-stack/MERN-Invoice-project/backend/server.js',
      function: null,
      line: 29,
      method: null,
      native: false
    },
    {
      column: 25,
      file: 'node:internal/modules/esm/module_job',
      function: 'ModuleJob.run',
      line: 194,
      method: 'run',
      native: false
    }
  ],
  timestamp: '2023-04-10 05:15:22.897 PM'
}
{
  error: Error: listen EADDRINUSE: address already in use :::5000
      at Server.setupListenHandle [as _listen2] (node:net:1740:16)
      at listenInCluster (node:net:1788:12)
      at Server.listen (node:net:1876:7)
      at Function.listen (C:\Users\EdisonWhale\Desktop\projects\full-stack\MERN-Invoice-project\node_modules\express\lib\application.js:635:24)
      at file:///C:/Users/EdisonWhale/Desktop/projects/full-stack/MERN-Invoice-project/backend/server.js:29:5
      at ModuleJob.run (node:internal/modules/esm/module_job:194:25) {
    code: 'EADDRINUSE',
    errno: -4091,
    syscall: 'listen',
    address: '::',
    port: 5000
  },
  level: 'error',
  message: 'uncaughtException: listen EADDRINUSE: address already in use :::5000\n' +
    'Error: listen EADDRINUSE: address already in use :::5000\n' +
    '    at Server.setupListenHandle [as _listen2] (node:net:1740:16)\n' +
    '    at listenInCluster (node:net:1788:12)\n' +
    '    at Server.listen (node:net:1876:7)\n' +
    '    at Function.listen (C:\\Users\\EdisonWhale\\Desktop\\projects\\full-stack\\MERN-Invoice-project\\node_modules\\express\\lib\\application.js:635:24)\n' +
    '    at file:///C:/Users/EdisonWhale/Desktop/projects/full-stack/MERN-Invoice-project/backend/server.js:29:5\n' +
    '    at ModuleJob.run (node:internal/modules/esm/module_job:194:25)',
  stack: 'Error: listen EADDRINUSE: address already in use :::5000\n' +
    '    at Server.setupListenHandle [as _listen2] (node:net:1740:16)\n' +
    '    at listenInCluster (node:net:1788:12)\n' +
    '    at Server.listen (node:net:1876:7)\n' +
    '    at Function.listen (C:\\Users\\EdisonWhale\\Desktop\\projects\\full-stack\\MERN-Invoice-project\\node_modules\\express\\lib\\application.js:635:24)\n' +
    '    at file:///C:/Users/EdisonWhale/Desktop/projects/full-stack/MERN-Invoice-project/backend/server.js:29:5\n' +
    '    at ModuleJob.run (node:internal/modules/esm/module_job:194:25)',
  exception: true,
  date: 'Mon Apr 10 2023 17:16:15 GMT-0400 (北美东部夏令时间)',
  process: {
    pid: 3532,
    uid: null,
    gid: null,
    cwd: 'C:\\Users\\EdisonWhale\\Desktop\\projects\\full-stack\\MERN-Invoice-project',
    execPath: 'C:\\Program Files\\nodejs\\node.exe',
    version: 'v18.14.0',
    argv: [
      'C:\\Program Files\\nodejs\\node.exe',
      'C:\\Users\\EdisonWhale\\Desktop\\projects\\full-stack\\MERN-Invoice-project\\backend\\server.js'
    ],
    memoryUsage: {
      rss: 52805632,
      heapTotal: 19984384,
      heapUsed: 14531152,
      external: 1304919,
      arrayBuffers: 373350
    }
  },
  os: { loadavg: [ 0, 0, 0 ], uptime: 4064.171 },
  trace: [
    {
      column: 16,
      file: 'node:net',
      function: 'Server.setupListenHandle [as _listen2]',
      line: 1740,
      method: 'setupListenHandle [as _listen2]',
      native: false
    },
    {
      column: 12,
      file: 'node:net',
      function: 'listenInCluster',
      line: 1788,
      method: null,
      native: false
    },
    {
      column: 7,
      file: 'node:net',
      function: 'Server.listen',
      line: 1876,
      method: 'listen',
      native: false
    },
    {
      column: 24,
      file: 'C:\\Users\\EdisonWhale\\Desktop\\projects\\full-stack\\MERN-Invoice-project\\node_modules\\express\\lib\\application.js',
      function: 'Function.listen',
      line: 635,
      method: 'listen',
      native: false
    },
    {
      column: 5,
      file: 'file:///C:/Users/EdisonWhale/Desktop/projects/full-stack/MERN-Invoice-project/backend/server.js',
      function: null,
      line: 29,
      method: null,
      native: false
    },
    {
      column: 25,
      file: 'node:internal/modules/esm/module_job',
      function: 'ModuleJob.run',
      line: 194,
      method: 'run',
      native: false
    }
  ],
  timestamp: '2023-04-10 05:16:15.388 PM'
}
{
  error: Error: listen EADDRINUSE: address already in use :::5000
      at Server.setupListenHandle [as _listen2] (node:net:1740:16)
      at listenInCluster (node:net:1788:12)
      at Server.listen (node:net:1876:7)
      at Function.listen (C:\Users\EdisonWhale\Desktop\projects\full-stack\MERN-Invoice-project\node_modules\express\lib\application.js:635:24)
      at file:///C:/Users/EdisonWhale/Desktop/projects/full-stack/MERN-Invoice-project/backend/server.js:29:5
      at ModuleJob.run (node:internal/modules/esm/module_job:194:25) {
    code: 'EADDRINUSE',
    errno: -4091,
    syscall: 'listen',
    address: '::',
    port: 5000
  },
  level: 'error',
  message: 'uncaughtException: listen EADDRINUSE: address already in use :::5000\n' +
    'Error: listen EADDRINUSE: address already in use :::5000\n' +
    '    at Server.setupListenHandle [as _listen2] (node:net:1740:16)\n' +
    '    at listenInCluster (node:net:1788:12)\n' +
    '    at Server.listen (node:net:1876:7)\n' +
    '    at Function.listen (C:\\Users\\EdisonWhale\\Desktop\\projects\\full-stack\\MERN-Invoice-project\\node_modules\\express\\lib\\application.js:635:24)\n' +
    '    at file:///C:/Users/EdisonWhale/Desktop/projects/full-stack/MERN-Invoice-project/backend/server.js:29:5\n' +
    '    at ModuleJob.run (node:internal/modules/esm/module_job:194:25)',
  stack: 'Error: listen EADDRINUSE: address already in use :::5000\n' +
    '    at Server.setupListenHandle [as _listen2] (node:net:1740:16)\n' +
    '    at listenInCluster (node:net:1788:12)\n' +
    '    at Server.listen (node:net:1876:7)\n' +
    '    at Function.listen (C:\\Users\\EdisonWhale\\Desktop\\projects\\full-stack\\MERN-Invoice-project\\node_modules\\express\\lib\\application.js:635:24)\n' +
    '    at file:///C:/Users/EdisonWhale/Desktop/projects/full-stack/MERN-Invoice-project/backend/server.js:29:5\n' +
    '    at ModuleJob.run (node:internal/modules/esm/module_job:194:25)',
  exception: true,
  date: 'Mon Apr 10 2023 17:17:16 GMT-0400 (北美东部夏令时间)',
  process: {
    pid: 13904,
    uid: null,
    gid: null,
    cwd: 'C:\\Users\\EdisonWhale\\Desktop\\projects\\full-stack\\MERN-Invoice-project',
    execPath: 'C:\\Program Files\\nodejs\\node.exe',
    version: 'v18.14.0',
    argv: [
      'C:\\Program Files\\nodejs\\node.exe',
      'C:\\Users\\EdisonWhale\\Desktop\\projects\\full-stack\\MERN-Invoice-project\\backend\\server.js'
    ],
    memoryUsage: {
      rss: 52908032,
      heapTotal: 19984384,
      heapUsed: 14479736,
      external: 1304919,
      arrayBuffers: 373350
    }
  },
  os: { loadavg: [ 0, 0, 0 ], uptime: 4125.046 },
  trace: [
    {
      column: 16,
      file: 'node:net',
      function: 'Server.setupListenHandle [as _listen2]',
      line: 1740,
      method: 'setupListenHandle [as _listen2]',
      native: false
    },
    {
      column: 12,
      file: 'node:net',
      function: 'listenInCluster',
      line: 1788,
      method: null,
      native: false
    },
    {
      column: 7,
      file: 'node:net',
      function: 'Server.listen',
      line: 1876,
      method: 'listen',
      native: false
    },
    {
      column: 24,
      file: 'C:\\Users\\EdisonWhale\\Desktop\\projects\\full-stack\\MERN-Invoice-project\\node_modules\\express\\lib\\application.js',
      function: 'Function.listen',
      line: 635,
      method: 'listen',
      native: false
    },
    {
      column: 5,
      file: 'file:///C:/Users/EdisonWhale/Desktop/projects/full-stack/MERN-Invoice-project/backend/server.js',
      function: null,
      line: 29,
      method: null,
      native: false
    },
    {
      column: 25,
      file: 'node:internal/modules/esm/module_job',
      function: 'ModuleJob.run',
      line: 194,
      method: 'run',
      native: false
    }
  ],
  timestamp: '2023-04-10 05:17:16.255 PM'
}
{
  error: ReferenceError: add is not defined
      at file:///app/backend/server.js:37:1
      at processTicksAndRejections (node:internal/process/task_queues:96:5),
  level: 'error',
  message: 'uncaughtException: add is not defined\n' +
    'ReferenceError: add is not defined\n' +
    '    at file:///app/backend/server.js:37:1\n' +
    '    at processTicksAndRejections (node:internal/process/task_queues:96:5)',
  stack: 'ReferenceError: add is not defined\n' +
    '    at file:///app/backend/server.js:37:1\n' +
    '    at processTicksAndRejections (node:internal/process/task_queues:96:5)',
  exception: true,
  date: 'Tue Apr 11 2023 03:55:57 GMT+0000 (Coordinated Universal Time)',
  process: {
    pid: 30,
    uid: 100,
    gid: 101,
    cwd: '/app',
    execPath: '/usr/local/bin/node',
    version: 'v16.13.1',
    argv: [ '/usr/local/bin/node', '/app/backend/server.js' ],
    memoryUsage: {
      rss: 84062208,
      heapTotal: 42196992,
      heapUsed: 30341344,
      external: 25026431,
      arrayBuffers: 18566941
    }
  },
  os: { loadavg: [ 0.78, 0.19, 0.06 ], uptime: 26790.66 },
  trace: [
    {
      column: 1,
      file: 'file:///app/backend/server.js',
      function: null,
      line: 37,
      method: null,
      native: false
    },
    {
      column: 5,
      file: 'node:internal/process/task_queues',
      function: 'processTicksAndRejections',
      line: 96,
      method: null,
      native: false
    }
  ],
  timestamp: '2023-04-11 03:55:57.019 AM'
}
{
  error: ReferenceError: add is not defined
      at file:///app/backend/server.js:43:1
      at processTicksAndRejections (node:internal/process/task_queues:96:5),
  level: 'error',
  message: 'uncaughtException: add is not defined\n' +
    'ReferenceError: add is not defined\n' +
    '    at file:///app/backend/server.js:43:1\n' +
    '    at processTicksAndRejections (node:internal/process/task_queues:96:5)',
  stack: 'ReferenceError: add is not defined\n' +
    '    at file:///app/backend/server.js:43:1\n' +
    '    at processTicksAndRejections (node:internal/process/task_queues:96:5)',
  exception: true,
  date: 'Tue Apr 11 2023 04:03:07 GMT+0000 (Coordinated Universal Time)',
  process: {
    pid: 30,
    uid: 100,
    gid: 101,
    cwd: '/app',
    execPath: '/usr/local/bin/node',
    version: 'v16.13.1',
    argv: [ '/usr/local/bin/node', '/app/backend/server.js' ],
    memoryUsage: {
      rss: 85049344,
      heapTotal: 41934848,
      heapUsed: 30568760,
      external: 26454926,
      arrayBuffers: 19435837
    }
  },
  os: { loadavg: [ 1.17, 0.34, 0.14 ], uptime: 27221.2 },
  trace: [
    {
      column: 1,
      file: 'file:///app/backend/server.js',
      function: null,
      line: 43,
      method: null,
      native: false
    },
    {
      column: 5,
      file: 'node:internal/process/task_queues',
      function: 'processTicksAndRejections',
      line: 96,
      method: null,
      native: false
    }
  ],
  timestamp: '2023-04-11 04:03:07.556 AM'
}
{
  error: ReferenceError: add is not defined
      at file:///app/backend/server.js:37:1
      at processTicksAndRejections (node:internal/process/task_queues:96:5),
  level: 'error',
  message: 'uncaughtException: add is not defined\n' +
    'ReferenceError: add is not defined\n' +
    '    at file:///app/backend/server.js:37:1\n' +
    '    at processTicksAndRejections (node:internal/process/task_queues:96:5)',
  stack: 'ReferenceError: add is not defined\n' +
    '    at file:///app/backend/server.js:37:1\n' +
    '    at processTicksAndRejections (node:internal/process/task_queues:96:5)',
  exception: true,
  date: 'Tue Apr 11 2023 04:46:24 GMT+0000 (Coordinated Universal Time)',
  process: {
    pid: 30,
    uid: 100,
    gid: 101,
    cwd: '/app',
    execPath: '/usr/local/bin/node',
    version: 'v16.13.1',
    argv: [ '/usr/local/bin/node', '/app/backend/server.js' ],
    memoryUsage: {
      rss: 84877312,
      heapTotal: 41934848,
      heapUsed: 30353712,
      external: 26458766,
      arrayBuffers: 19427645
    }
  },
  os: { loadavg: [ 1.12, 0.28, 0.1 ], uptime: 29817.85 },
  trace: [
    {
      column: 1,
      file: 'file:///app/backend/server.js',
      function: null,
      line: 37,
      method: null,
      native: false
    },
    {
      column: 5,
      file: 'node:internal/process/task_queues',
      function: 'processTicksAndRejections',
      line: 96,
      method: null,
      native: false
    }
  ],
  timestamp: '2023-04-11 04:46:24.211 AM'
}
{
  error: ReferenceError: add is not defined
      at file:///app/backend/server.js:37:1
      at processTicksAndRejections (node:internal/process/task_queues:96:5),
  level: 'error',
  message: 'uncaughtException: add is not defined\n' +
    'ReferenceError: add is not defined\n' +
    '    at file:///app/backend/server.js:37:1\n' +
    '    at processTicksAndRejections (node:internal/process/task_queues:96:5)',
  stack: 'ReferenceError: add is not defined\n' +
    '    at file:///app/backend/server.js:37:1\n' +
    '    at processTicksAndRejections (node:internal/process/task_queues:96:5)',
  exception: true,
  date: 'Tue Apr 11 2023 05:03:38 GMT+0000 (Coordinated Universal Time)',
  process: {
    pid: 30,
    uid: 100,
    gid: 101,
    cwd: '/app',
    execPath: '/usr/local/bin/node',
    version: 'v16.13.1',
    argv: [ '/usr/local/bin/node', '/app/backend/server.js' ],
    memoryUsage: {
      rss: 85340160,
      heapTotal: 42196992,
      heapUsed: 30110752,
      external: 25026431,
      arrayBuffers: 18558749
    }
  },
  os: { loadavg: [ 0.62, 0.13, 0.06 ], uptime: 30851.81 },
  trace: [
    {
      column: 1,
      file: 'file:///app/backend/server.js',
      function: null,
      line: 37,
      method: null,
      native: false
    },
    {
      column: 5,
      file: 'node:internal/process/task_queues',
      function: 'processTicksAndRejections',
      line: 96,
      method: null,
      native: false
    }
  ],
  timestamp: '2023-04-11 05:03:38.171 AM'
}
{
  error: ReferenceError: add is not defined
      at file:///app/backend/server.js:37:1
      at processTicksAndRejections (node:internal/process/task_queues:96:5),
  level: 'error',
  message: 'uncaughtException: add is not defined\n' +
    'ReferenceError: add is not defined\n' +
    '    at file:///app/backend/server.js:37:1\n' +
    '    at processTicksAndRejections (node:internal/process/task_queues:96:5)',
  stack: 'ReferenceError: add is not defined\n' +
    '    at file:///app/backend/server.js:37:1\n' +
    '    at processTicksAndRejections (node:internal/process/task_queues:96:5)',
  exception: true,
  date: 'Tue Apr 11 2023 05:06:55 GMT+0000 (Coordinated Universal Time)',
  process: {
    pid: 30,
    uid: 100,
    gid: 101,
    cwd: '/app',
    execPath: '/usr/local/bin/node',
    version: 'v16.13.1',
    argv: [ '/usr/local/bin/node', '/app/backend/server.js' ],
    memoryUsage: {
      rss: 84459520,
      heapTotal: 42196992,
      heapUsed: 30483392,
      external: 25066568,
      arrayBuffers: 18566941
    }
  },
  os: { loadavg: [ 0.75, 0.24, 0.11 ], uptime: 31049.39 },
  trace: [
    {
      column: 1,
      file: 'file:///app/backend/server.js',
      function: null,
      line: 37,
      method: null,
      native: false
    },
    {
      column: 5,
      file: 'node:internal/process/task_queues',
      function: 'processTicksAndRejections',
      line: 96,
      method: null,
      native: false
    }
  ],
  timestamp: '2023-04-11 05:06:55.745 AM'
}
{
  error: ReferenceError: registerUser is not defined
      at file:///C:/Users/EdisonWhale/Desktop/projects/full-stack/MERN-Invoice-project/backend/routes/authRoutes.js:7:26
      at ModuleJob.run (node:internal/modules/esm/module_job:194:25),
  level: 'error',
  message: 'uncaughtException: registerUser is not defined\n' +
    'ReferenceError: registerUser is not defined\n' +
    '    at file:///C:/Users/EdisonWhale/Desktop/projects/full-stack/MERN-Invoice-project/backend/routes/authRoutes.js:7:26\n' +
    '    at ModuleJob.run (node:internal/modules/esm/module_job:194:25)',
  stack: 'ReferenceError: registerUser is not defined\n' +
    '    at file:///C:/Users/EdisonWhale/Desktop/projects/full-stack/MERN-Invoice-project/backend/routes/authRoutes.js:7:26\n' +
    '    at ModuleJob.run (node:internal/modules/esm/module_job:194:25)',
  exception: true,
  date: 'Tue Apr 11 2023 01:56:36 GMT-0400 (北美东部夏令时间)',
  process: {
    pid: 1292,
    uid: null,
    gid: null,
    cwd: 'C:\\Users\\EdisonWhale\\Desktop\\projects\\full-stack\\MERN-Invoice-project',
    execPath: 'C:\\Program Files\\nodejs\\node.exe',
    version: 'v18.14.0',
    argv: [
      'C:\\Program Files\\nodejs\\node.exe',
      'C:\\Users\\EdisonWhale\\Desktop\\projects\\full-stack\\MERN-Invoice-project\\backend\\server.js'
    ],
    memoryUsage: {
      rss: 82345984,
      heapTotal: 62402560,
      heapUsed: 33049232,
      external: 19871430,
      arrayBuffers: 18576026
    }
  },
  os: { loadavg: [ 0, 0, 0 ], uptime: 35285.765 },
  trace: [
    {
      column: 26,
      file: 'file:///C:/Users/EdisonWhale/Desktop/projects/full-stack/MERN-Invoice-project/backend/routes/authRoutes.js',
      function: null,
      line: 7,
      method: null,
      native: false
    },
    {
      column: 25,
      file: 'node:internal/modules/esm/module_job',
      function: 'ModuleJob.run',
      line: 194,
      method: 'run',
      native: false
    }
  ],
  timestamp: '2023-04-11 01:56:36.980 AM'
}
{
  error: ReferenceError: add is not defined
      at file:///app/backend/server.js:37:1
      at processTicksAndRejections (node:internal/process/task_queues:96:5),
  level: 'error',
  message: 'uncaughtException: add is not defined\n' +
    'ReferenceError: add is not defined\n' +
    '    at file:///app/backend/server.js:37:1\n' +
    '    at processTicksAndRejections (node:internal/process/task_queues:96:5)',
  stack: 'ReferenceError: add is not defined\n' +
    '    at file:///app/backend/server.js:37:1\n' +
    '    at processTicksAndRejections (node:internal/process/task_queues:96:5)',
  exception: true,
  date: 'Tue Apr 11 2023 06:41:28 GMT+0000 (Coordinated Universal Time)',
  process: {
    pid: 30,
    uid: 100,
    gid: 101,
    cwd: '/app',
    execPath: '/usr/local/bin/node',
    version: 'v16.13.1',
    argv: [ '/usr/local/bin/node', '/app/backend/server.js' ],
    memoryUsage: {
      rss: 84000768,
      heapTotal: 42196992,
      heapUsed: 30265984,
      external: 25059373,
      arrayBuffers: 18566941
    }
  },
  os: { loadavg: [ 1.17, 0.29, 0.1 ], uptime: 36722.43 },
  trace: [
    {
      column: 1,
      file: 'file:///app/backend/server.js',
      function: null,
      line: 37,
      method: null,
      native: false
    },
    {
      column: 5,
      file: 'node:internal/process/task_queues',
      function: 'processTicksAndRejections',
      line: 96,
      method: null,
      native: false
    }
  ],
  timestamp: '2023-04-11 06:41:28.784 AM'
}
{
  error: ReferenceError: add is not defined
      at file:///app/backend/server.js:37:1
      at processTicksAndRejections (node:internal/process/task_queues:96:5),
  level: 'error',
  message: 'uncaughtException: add is not defined\n' +
    'ReferenceError: add is not defined\n' +
    '    at file:///app/backend/server.js:37:1\n' +
    '    at processTicksAndRejections (node:internal/process/task_queues:96:5)',
  stack: 'ReferenceError: add is not defined\n' +
    '    at file:///app/backend/server.js:37:1\n' +
    '    at processTicksAndRejections (node:internal/process/task_queues:96:5)',
  exception: true,
  date: 'Tue Apr 11 2023 06:58:41 GMT+0000 (Coordinated Universal Time)',
  process: {
    pid: 30,
    uid: 100,
    gid: 101,
    cwd: '/app',
    execPath: '/usr/local/bin/node',
    version: 'v16.13.1',
    argv: [ '/usr/local/bin/node', '/app/backend/server.js' ],
    memoryUsage: {
      rss: 82817024,
      heapTotal: 42196992,
      heapUsed: 30248360,
      external: 25085398,
      arrayBuffers: 18566941
    }
  },
  os: { loadavg: [ 0.3, 0.07, 0.02 ], uptime: 20.05 },
  trace: [
    {
      column: 1,
      file: 'file:///app/backend/server.js',
      function: null,
      line: 37,
      method: null,
      native: false
    },
    {
      column: 5,
      file: 'node:internal/process/task_queues',
      function: 'processTicksAndRejections',
      line: 96,
      method: null,
      native: false
    }
  ],
  timestamp: '2023-04-11 06:58:41.331 AM'
}
{
  error: ReferenceError: add is not defined
      at file:///app/backend/server.js:37:1
      at processTicksAndRejections (node:internal/process/task_queues:96:5),
  level: 'error',
  message: 'uncaughtException: add is not defined\n' +
    'ReferenceError: add is not defined\n' +
    '    at file:///app/backend/server.js:37:1\n' +
    '    at processTicksAndRejections (node:internal/process/task_queues:96:5)',
  stack: 'ReferenceError: add is not defined\n' +
    '    at file:///app/backend/server.js:37:1\n' +
    '    at processTicksAndRejections (node:internal/process/task_queues:96:5)',
  exception: true,
  date: 'Tue Apr 11 2023 07:03:14 GMT+0000 (Coordinated Universal Time)',
  process: {
    pid: 30,
    uid: 100,
    gid: 101,
    cwd: '/app',
    execPath: '/usr/local/bin/node',
    version: 'v16.13.1',
    argv: [ '/usr/local/bin/node', '/app/backend/server.js' ],
    memoryUsage: {
      rss: 83132416,
      heapTotal: 42196992,
      heapUsed: 30112368,
      external: 25008243,
      arrayBuffers: 18566941
    }
  },
  os: { loadavg: [ 0.84, 0.23, 0.07 ], uptime: 292.83 },
  trace: [
    {
      column: 1,
      file: 'file:///app/backend/server.js',
      function: null,
      line: 37,
      method: null,
      native: false
    },
    {
      column: 5,
      file: 'node:internal/process/task_queues',
      function: 'processTicksAndRejections',
      line: 96,
      method: null,
      native: false
    }
  ],
  timestamp: '2023-04-11 07:03:14.111 AM'
}
{
  error: ReferenceError: apiLimiter is not defined
      at file:///app/backend/server.js:36:25
      at processTicksAndRejections (node:internal/process/task_queues:96:5),
  level: 'error',
  message: 'uncaughtException: apiLimiter is not defined\n' +
    'ReferenceError: apiLimiter is not defined\n' +
    '    at file:///app/backend/server.js:36:25\n' +
    '    at processTicksAndRejections (node:internal/process/task_queues:96:5)',
  stack: 'ReferenceError: apiLimiter is not defined\n' +
    '    at file:///app/backend/server.js:36:25\n' +
    '    at processTicksAndRejections (node:internal/process/task_queues:96:5)',
  exception: true,
  date: 'Tue Apr 11 2023 09:08:02 GMT+0000 (Coordinated Universal Time)',
  process: {
    pid: 30,
    uid: 100,
    gid: 101,
    cwd: '/app',
    execPath: '/usr/local/bin/node',
    version: 'v16.13.1',
    argv: [ '/usr/local/bin/node', '/app/backend/server.js' ],
    memoryUsage: {
      rss: 87470080,
      heapTotal: 62930944,
      heapUsed: 31762368,
      external: 27207179,
      arrayBuffers: 18371154
    }
  },
  os: { loadavg: [ 0.31, 0.2, 0.11 ], uptime: 7780.8 },
  trace: [
    {
      column: 25,
      file: 'file:///app/backend/server.js',
      function: null,
      line: 36,
      method: null,
      native: false
    },
    {
      column: 5,
      file: 'node:internal/process/task_queues',
      function: 'processTicksAndRejections',
      line: 96,
      method: null,
      native: false
    }
  ],
  timestamp: '2023-04-11 09:08:02.081 AM'
}
{
  error: ReferenceError: apiLimiter is not defined
      at file:///app/backend/server.js:36:25
      at processTicksAndRejections (node:internal/process/task_queues:96:5),
  level: 'error',
  message: 'uncaughtException: apiLimiter is not defined\n' +
    'ReferenceError: apiLimiter is not defined\n' +
    '    at file:///app/backend/server.js:36:25\n' +
    '    at processTicksAndRejections (node:internal/process/task_queues:96:5)',
  stack: 'ReferenceError: apiLimiter is not defined\n' +
    '    at file:///app/backend/server.js:36:25\n' +
    '    at processTicksAndRejections (node:internal/process/task_queues:96:5)',
  exception: true,
  date: 'Tue Apr 11 2023 09:13:25 GMT+0000 (Coordinated Universal Time)',
  process: {
    pid: 30,
    uid: 100,
    gid: 101,
    cwd: '/app',
    execPath: '/usr/local/bin/node',
    version: 'v16.13.1',
    argv: [ '/usr/local/bin/node', '/app/backend/server.js' ],
    memoryUsage: {
      rss: 87232512,
      heapTotal: 63193088,
      heapUsed: 31550016,
      external: 27211937,
      arrayBuffers: 18387538
    }
  },
  os: { loadavg: [ 0.24, 0.12, 0.09 ], uptime: 8104.02 },
  trace: [
    {
      column: 25,
      file: 'file:///app/backend/server.js',
      function: null,
      line: 36,
      method: null,
      native: false
    },
    {
      column: 5,
      file: 'node:internal/process/task_queues',
      function: 'processTicksAndRejections',
      line: 96,
      method: null,
      native: false
    }
  ],
  timestamp: '2023-04-11 09:13:25.305 AM'
}
{
  error: ReferenceError: apiLimiter is not defined
      at file:///app/backend/server.js:38:25
      at processTicksAndRejections (node:internal/process/task_queues:96:5),
  level: 'error',
  message: 'uncaughtException: apiLimiter is not defined\n' +
    'ReferenceError: apiLimiter is not defined\n' +
    '    at file:///app/backend/server.js:38:25\n' +
    '    at processTicksAndRejections (node:internal/process/task_queues:96:5)',
  stack: 'ReferenceError: apiLimiter is not defined\n' +
    '    at file:///app/backend/server.js:38:25\n' +
    '    at processTicksAndRejections (node:internal/process/task_queues:96:5)',
  exception: true,
  date: 'Tue Apr 11 2023 09:30:28 GMT+0000 (Coordinated Universal Time)',
  process: {
    pid: 30,
    uid: 100,
    gid: 101,
    cwd: '/app',
    execPath: '/usr/local/bin/node',
    version: 'v16.13.1',
    argv: [ '/usr/local/bin/node', '/app/backend/server.js' ],
    memoryUsage: {
      rss: 87658496,
      heapTotal: 63455232,
      heapUsed: 31569040,
      external: 27211949,
      arrayBuffers: 18387538
    }
  },
  os: { loadavg: [ 0.54, 0.13, 0.07 ], uptime: 9126.8 },
  trace: [
    {
      column: 25,
      file: 'file:///app/backend/server.js',
      function: null,
      line: 38,
      method: null,
      native: false
    },
    {
      column: 5,
      file: 'node:internal/process/task_queues',
      function: 'processTicksAndRejections',
      line: 96,
      method: null,
      native: false
    }
  ],
  timestamp: '2023-04-11 09:30:28.084 AM'
}
{
  error: ReferenceError: apiLimiter is not defined
      at file:///app/backend/server.js:38:25
      at processTicksAndRejections (node:internal/process/task_queues:96:5),
  level: 'error',
  message: 'uncaughtException: apiLimiter is not defined\n' +
    'ReferenceError: apiLimiter is not defined\n' +
    '    at file:///app/backend/server.js:38:25\n' +
    '    at processTicksAndRejections (node:internal/process/task_queues:96:5)',
  stack: 'ReferenceError: apiLimiter is not defined\n' +
    '    at file:///app/backend/server.js:38:25\n' +
    '    at processTicksAndRejections (node:internal/process/task_queues:96:5)',
  exception: true,
  date: 'Tue Apr 11 2023 09:44:59 GMT+0000 (Coordinated Universal Time)',
  process: {
    pid: 30,
    uid: 100,
    gid: 101,
    cwd: '/app',
    execPath: '/usr/local/bin/node',
    version: 'v16.13.1',
    argv: [ '/usr/local/bin/node', '/app/backend/server.js' ],
    memoryUsage: {
      rss: 87973888,
      heapTotal: 63455232,
      heapUsed: 31697168,
      external: 27211949,
      arrayBuffers: 18371154
    }
  },
  os: { loadavg: [ 0.9, 0.35, 0.15 ], uptime: 9998.43 },
  trace: [
    {
      column: 25,
      file: 'file:///app/backend/server.js',
      function: null,
      line: 38,
      method: null,
      native: false
    },
    {
      column: 5,
      file: 'node:internal/process/task_queues',
      function: 'processTicksAndRejections',
      line: 96,
      method: null,
      native: false
    }
  ],
  timestamp: '2023-04-11 09:44:59.710 AM'
}
{
  error: ReferenceError: apiLimiter is not defined
      at file:///app/backend/server.js:43:25
      at processTicksAndRejections (node:internal/process/task_queues:96:5),
  level: 'error',
  message: 'uncaughtException: apiLimiter is not defined\n' +
    'ReferenceError: apiLimiter is not defined\n' +
    '    at file:///app/backend/server.js:43:25\n' +
    '    at processTicksAndRejections (node:internal/process/task_queues:96:5)',
  stack: 'ReferenceError: apiLimiter is not defined\n' +
    '    at file:///app/backend/server.js:43:25\n' +
    '    at processTicksAndRejections (node:internal/process/task_queues:96:5)',
  exception: true,
  date: 'Tue Apr 11 2023 09:49:49 GMT+0000 (Coordinated Universal Time)',
  process: {
    pid: 30,
    uid: 100,
    gid: 101,
    cwd: '/app',
    execPath: '/usr/local/bin/node',
    version: 'v16.13.1',
    argv: [ '/usr/local/bin/node', '/app/backend/server.js' ],
    memoryUsage: {
      rss: 87072768,
      heapTotal: 62668800,
      heapUsed: 32341856,
      external: 27212585,
      arrayBuffers: 18313919
    }
  },
  os: { loadavg: [ 0.69, 0.31, 0.17 ], uptime: 10288.51 },
  trace: [
    {
      column: 25,
      file: 'file:///app/backend/server.js',
      function: null,
      line: 43,
      method: null,
      native: false
    },
    {
      column: 5,
      file: 'node:internal/process/task_queues',
      function: 'processTicksAndRejections',
      line: 96,
      method: null,
      native: false
    }
  ],
  timestamp: '2023-04-11 09:49:49.798 AM'
}
